                                 Started job on |	Mar 23 09:22:35
                             Started mapping on |	Mar 23 09:23:51
                                    Finished on |	Mar 23 09:59:00
       Mapping speed, Million of reads per hour |	36.09

                          Number of input reads |	21141697
                      Average input read length |	298
                                    UNIQUE READS:
                   Uniquely mapped reads number |	17255501
                        Uniquely mapped reads % |	81.62%
                          Average mapped length |	293.64
                       Number of splices: Total |	14654518
            Number of splices: Annotated (sjdb) |	0
                       Number of splices: GT/AG |	14376501
                       Number of splices: GC/AG |	150752
                       Number of splices: AT/AC |	9084
               Number of splices: Non-canonical |	118181
                      Mismatch rate per base, % |	0.96%
                         Deletion rate per base |	0.10%
                        Deletion average length |	2.65
                        Insertion rate per base |	0.10%
                       Insertion average length |	2.35
                             MULTI-MAPPING READS:
        Number of reads mapped to multiple loci |	2316441
             % of reads mapped to multiple loci |	10.96%
        Number of reads mapped to too many loci |	2936
             % of reads mapped to too many loci |	0.01%
                                  UNMAPPED READS:
  Number of reads unmapped: too many mismatches |	0
       % of reads unmapped: too many mismatches |	0.00%
            Number of reads unmapped: too short |	1564679
                 % of reads unmapped: too short |	7.40%
                Number of reads unmapped: other |	2140
                     % of reads unmapped: other |	0.01%
                                  CHIMERIC READS:
                       Number of chimeric reads |	0
                            % of chimeric reads |	0.00%
