                                 Started job on |	Mar 23 09:59:05
                             Started mapping on |	Mar 23 10:00:05
                                    Finished on |	Mar 23 10:43:03
       Mapping speed, Million of reads per hour |	38.07

                          Number of input reads |	27258859
                      Average input read length |	299
                                    UNIQUE READS:
                   Uniquely mapped reads number |	23287410
                        Uniquely mapped reads % |	85.43%
                          Average mapped length |	294.12
                       Number of splices: Total |	20722260
            Number of splices: Annotated (sjdb) |	0
                       Number of splices: GT/AG |	20349900
                       Number of splices: GC/AG |	199692
                       Number of splices: AT/AC |	13143
               Number of splices: Non-canonical |	159525
                      Mismatch rate per base, % |	0.96%
                         Deletion rate per base |	0.10%
                        Deletion average length |	2.69
                        Insertion rate per base |	0.10%
                       Insertion average length |	2.46
                             MULTI-MAPPING READS:
        Number of reads mapped to multiple loci |	2238053
             % of reads mapped to multiple loci |	8.21%
        Number of reads mapped to too many loci |	4240
             % of reads mapped to too many loci |	0.02%
                                  UNMAPPED READS:
  Number of reads unmapped: too many mismatches |	0
       % of reads unmapped: too many mismatches |	0.00%
            Number of reads unmapped: too short |	1725200
                 % of reads unmapped: too short |	6.33%
                Number of reads unmapped: other |	3956
                     % of reads unmapped: other |	0.01%
                                  CHIMERIC READS:
                       Number of chimeric reads |	0
                            % of chimeric reads |	0.00%
