                                 Started job on |	Mar 23 13:08:38
                             Started mapping on |	Mar 23 13:08:49
                                    Finished on |	Mar 23 13:50:17
       Mapping speed, Million of reads per hour |	37.83

                          Number of input reads |	26144718
                      Average input read length |	299
                                    UNIQUE READS:
                   Uniquely mapped reads number |	21610168
                        Uniquely mapped reads % |	82.66%
                          Average mapped length |	293.78
                       Number of splices: Total |	18530455
            Number of splices: Annotated (sjdb) |	0
                       Number of splices: GT/AG |	18145823
                       Number of splices: GC/AG |	210141
                       Number of splices: AT/AC |	10895
               Number of splices: Non-canonical |	163596
                      Mismatch rate per base, % |	0.96%
                         Deletion rate per base |	0.10%
                        Deletion average length |	2.70
                        Insertion rate per base |	0.10%
                       Insertion average length |	2.43
                             MULTI-MAPPING READS:
        Number of reads mapped to multiple loci |	2111200
             % of reads mapped to multiple loci |	8.08%
        Number of reads mapped to too many loci |	3145
             % of reads mapped to too many loci |	0.01%
                                  UNMAPPED READS:
  Number of reads unmapped: too many mismatches |	0
       % of reads unmapped: too many mismatches |	0.00%
            Number of reads unmapped: too short |	2418413
                 % of reads unmapped: too short |	9.25%
                Number of reads unmapped: other |	1792
                     % of reads unmapped: other |	0.01%
                                  CHIMERIC READS:
                       Number of chimeric reads |	0
                            % of chimeric reads |	0.00%
