                                 Started job on |	Mar 23 13:50:22
                             Started mapping on |	Mar 23 13:50:39
                                    Finished on |	Mar 23 14:29:47
       Mapping speed, Million of reads per hour |	39.03

                          Number of input reads |	25459250
                      Average input read length |	299
                                    UNIQUE READS:
                   Uniquely mapped reads number |	21672652
                        Uniquely mapped reads % |	85.13%
                          Average mapped length |	293.90
                       Number of splices: Total |	18452000
            Number of splices: Annotated (sjdb) |	0
                       Number of splices: GT/AG |	18095295
                       Number of splices: GC/AG |	177115
                       Number of splices: AT/AC |	11675
               Number of splices: Non-canonical |	167915
                      Mismatch rate per base, % |	0.96%
                         Deletion rate per base |	0.11%
                        Deletion average length |	2.74
                        Insertion rate per base |	0.10%
                       Insertion average length |	2.44
                             MULTI-MAPPING READS:
        Number of reads mapped to multiple loci |	1838037
             % of reads mapped to multiple loci |	7.22%
        Number of reads mapped to too many loci |	3256
             % of reads mapped to too many loci |	0.01%
                                  UNMAPPED READS:
  Number of reads unmapped: too many mismatches |	0
       % of reads unmapped: too many mismatches |	0.00%
            Number of reads unmapped: too short |	1943268
                 % of reads unmapped: too short |	7.63%
                Number of reads unmapped: other |	2037
                     % of reads unmapped: other |	0.01%
                                  CHIMERIC READS:
                       Number of chimeric reads |	0
                            % of chimeric reads |	0.00%
