                                 Started job on |	Mar 29 16:50:43
                             Started mapping on |	Mar 29 17:00:39
                                    Finished on |	Mar 29 22:05:21
       Mapping speed, Million of reads per hour |	24.61

                          Number of input reads |	124999927
                      Average input read length |	225
                                    UNIQUE READS:
                   Uniquely mapped reads number |	34366932
                        Uniquely mapped reads % |	27.49%
                          Average mapped length |	209.84
                       Number of splices: Total |	13411811
            Number of splices: Annotated (sjdb) |	0
                       Number of splices: GT/AG |	12827633
                       Number of splices: GC/AG |	162614
                       Number of splices: AT/AC |	4456
               Number of splices: Non-canonical |	417108
                      Mismatch rate per base, % |	1.14%
                         Deletion rate per base |	0.09%
                        Deletion average length |	2.29
                        Insertion rate per base |	0.07%
                       Insertion average length |	1.81
                             MULTI-MAPPING READS:
        Number of reads mapped to multiple loci |	2135647
             % of reads mapped to multiple loci |	1.71%
        Number of reads mapped to too many loci |	5330
             % of reads mapped to too many loci |	0.00%
                                  UNMAPPED READS:
  Number of reads unmapped: too many mismatches |	0
       % of reads unmapped: too many mismatches |	0.00%
            Number of reads unmapped: too short |	88418533
                 % of reads unmapped: too short |	70.73%
                Number of reads unmapped: other |	73485
                     % of reads unmapped: other |	0.06%
                                  CHIMERIC READS:
                       Number of chimeric reads |	0
                            % of chimeric reads |	0.00%
