                                 Started job on |	Mar 29 12:33:48
                             Started mapping on |	Mar 29 12:43:17
                                    Finished on |	Mar 29 16:50:40
       Mapping speed, Million of reads per hour |	25.47

                          Number of input reads |	105013067
                      Average input read length |	214
                                    UNIQUE READS:
                   Uniquely mapped reads number |	25131597
                        Uniquely mapped reads % |	23.93%
                          Average mapped length |	200.20
                       Number of splices: Total |	9598698
            Number of splices: Annotated (sjdb) |	0
                       Number of splices: GT/AG |	9110361
                       Number of splices: GC/AG |	117795
                       Number of splices: AT/AC |	2991
               Number of splices: Non-canonical |	367551
                      Mismatch rate per base, % |	1.17%
                         Deletion rate per base |	0.09%
                        Deletion average length |	2.38
                        Insertion rate per base |	0.07%
                       Insertion average length |	1.88
                             MULTI-MAPPING READS:
        Number of reads mapped to multiple loci |	1462576
             % of reads mapped to multiple loci |	1.39%
        Number of reads mapped to too many loci |	4791
             % of reads mapped to too many loci |	0.00%
                                  UNMAPPED READS:
  Number of reads unmapped: too many mismatches |	0
       % of reads unmapped: too many mismatches |	0.00%
            Number of reads unmapped: too short |	78347699
                 % of reads unmapped: too short |	74.61%
                Number of reads unmapped: other |	66404
                     % of reads unmapped: other |	0.06%
                                  CHIMERIC READS:
                       Number of chimeric reads |	0
                            % of chimeric reads |	0.00%
