                                 Started job on |	Mar 31 00:39:42
                             Started mapping on |	Mar 31 00:49:48
                                    Finished on |	Mar 31 03:10:45
       Mapping speed, Million of reads per hour |	28.83

                          Number of input reads |	67732345
                      Average input read length |	196
                                    UNIQUE READS:
                   Uniquely mapped reads number |	23022180
                        Uniquely mapped reads % |	33.99%
                          Average mapped length |	183.26
                       Number of splices: Total |	7376733
            Number of splices: Annotated (sjdb) |	0
                       Number of splices: GT/AG |	6986991
                       Number of splices: GC/AG |	86245
                       Number of splices: AT/AC |	2501
               Number of splices: Non-canonical |	300996
                      Mismatch rate per base, % |	1.42%
                         Deletion rate per base |	0.09%
                        Deletion average length |	2.27
                        Insertion rate per base |	0.07%
                       Insertion average length |	1.76
                             MULTI-MAPPING READS:
        Number of reads mapped to multiple loci |	1859796
             % of reads mapped to multiple loci |	2.75%
        Number of reads mapped to too many loci |	14990
             % of reads mapped to too many loci |	0.02%
                                  UNMAPPED READS:
  Number of reads unmapped: too many mismatches |	0
       % of reads unmapped: too many mismatches |	0.00%
            Number of reads unmapped: too short |	42756211
                 % of reads unmapped: too short |	63.13%
                Number of reads unmapped: other |	79168
                     % of reads unmapped: other |	0.12%
                                  CHIMERIC READS:
                       Number of chimeric reads |	0
                            % of chimeric reads |	0.00%
