                                 Started job on |	Mar 31 06:47:51
                             Started mapping on |	Mar 31 06:56:44
                                    Finished on |	Mar 31 11:15:23
       Mapping speed, Million of reads per hour |	35.56

                          Number of input reads |	153276603
                      Average input read length |	196
                                    UNIQUE READS:
                   Uniquely mapped reads number |	90848194
                        Uniquely mapped reads % |	59.27%
                          Average mapped length |	187.92
                       Number of splices: Total |	32648851
            Number of splices: Annotated (sjdb) |	0
                       Number of splices: GT/AG |	31405543
                       Number of splices: GC/AG |	384809
                       Number of splices: AT/AC |	13063
               Number of splices: Non-canonical |	845436
                      Mismatch rate per base, % |	1.17%
                         Deletion rate per base |	0.09%
                        Deletion average length |	2.48
                        Insertion rate per base |	0.07%
                       Insertion average length |	2.10
                             MULTI-MAPPING READS:
        Number of reads mapped to multiple loci |	4135798
             % of reads mapped to multiple loci |	2.70%
        Number of reads mapped to too many loci |	15857
             % of reads mapped to too many loci |	0.01%
                                  UNMAPPED READS:
  Number of reads unmapped: too many mismatches |	0
       % of reads unmapped: too many mismatches |	0.00%
            Number of reads unmapped: too short |	58079802
                 % of reads unmapped: too short |	37.89%
                Number of reads unmapped: other |	196952
                     % of reads unmapped: other |	0.13%
                                  CHIMERIC READS:
                       Number of chimeric reads |	0
                            % of chimeric reads |	0.00%
