                                 Started job on |	Mar 28 20:30:45
                             Started mapping on |	Mar 28 20:40:19
                                    Finished on |	Mar 29 02:01:34
       Mapping speed, Million of reads per hour |	27.68

                          Number of input reads |	148198381
                      Average input read length |	202
                                    UNIQUE READS:
                   Uniquely mapped reads number |	40477546
                        Uniquely mapped reads % |	27.31%
                          Average mapped length |	187.98
                       Number of splices: Total |	16075157
            Number of splices: Annotated (sjdb) |	0
                       Number of splices: GT/AG |	15520536
                       Number of splices: GC/AG |	182351
                       Number of splices: AT/AC |	5630
               Number of splices: Non-canonical |	366640
                      Mismatch rate per base, % |	1.12%
                         Deletion rate per base |	0.08%
                        Deletion average length |	2.43
                        Insertion rate per base |	0.06%
                       Insertion average length |	1.95
                             MULTI-MAPPING READS:
        Number of reads mapped to multiple loci |	1774133
             % of reads mapped to multiple loci |	1.20%
        Number of reads mapped to too many loci |	5826
             % of reads mapped to too many loci |	0.00%
                                  UNMAPPED READS:
  Number of reads unmapped: too many mismatches |	0
       % of reads unmapped: too many mismatches |	0.00%
            Number of reads unmapped: too short |	105794013
                 % of reads unmapped: too short |	71.39%
                Number of reads unmapped: other |	146863
                     % of reads unmapped: other |	0.10%
                                  CHIMERIC READS:
                       Number of chimeric reads |	0
                            % of chimeric reads |	0.00%
