                                 Started job on |	Mar 29 02:01:40
                             Started mapping on |	Mar 29 02:10:47
                                    Finished on |	Mar 29 06:50:35
       Mapping speed, Million of reads per hour |	27.61

                          Number of input reads |	128738307
                      Average input read length |	201
                                    UNIQUE READS:
                   Uniquely mapped reads number |	36381530
                        Uniquely mapped reads % |	28.26%
                          Average mapped length |	187.45
                       Number of splices: Total |	14320691
            Number of splices: Annotated (sjdb) |	0
                       Number of splices: GT/AG |	13821381
                       Number of splices: GC/AG |	163707
                       Number of splices: AT/AC |	4993
               Number of splices: Non-canonical |	330610
                      Mismatch rate per base, % |	1.13%
                         Deletion rate per base |	0.08%
                        Deletion average length |	2.40
                        Insertion rate per base |	0.06%
                       Insertion average length |	1.93
                             MULTI-MAPPING READS:
        Number of reads mapped to multiple loci |	1552910
             % of reads mapped to multiple loci |	1.21%
        Number of reads mapped to too many loci |	5515
             % of reads mapped to too many loci |	0.00%
                                  UNMAPPED READS:
  Number of reads unmapped: too many mismatches |	0
       % of reads unmapped: too many mismatches |	0.00%
            Number of reads unmapped: too short |	90625497
                 % of reads unmapped: too short |	70.40%
                Number of reads unmapped: other |	172855
                     % of reads unmapped: other |	0.13%
                                  CHIMERIC READS:
                       Number of chimeric reads |	0
                            % of chimeric reads |	0.00%
