                                 Started job on |	Mar 29 06:50:40
                             Started mapping on |	Mar 29 07:00:15
                                    Finished on |	Mar 29 12:33:42
       Mapping speed, Million of reads per hour |	29.22

                          Number of input reads |	162366827
                      Average input read length |	195
                                    UNIQUE READS:
                   Uniquely mapped reads number |	50923907
                        Uniquely mapped reads % |	31.36%
                          Average mapped length |	180.85
                       Number of splices: Total |	18040026
            Number of splices: Annotated (sjdb) |	0
                       Number of splices: GT/AG |	17348222
                       Number of splices: GC/AG |	209943
                       Number of splices: AT/AC |	6651
               Number of splices: Non-canonical |	475210
                      Mismatch rate per base, % |	1.15%
                         Deletion rate per base |	0.09%
                        Deletion average length |	2.36
                        Insertion rate per base |	0.06%
                       Insertion average length |	1.84
                             MULTI-MAPPING READS:
        Number of reads mapped to multiple loci |	2502676
             % of reads mapped to multiple loci |	1.54%
        Number of reads mapped to too many loci |	7138
             % of reads mapped to too many loci |	0.00%
                                  UNMAPPED READS:
  Number of reads unmapped: too many mismatches |	0
       % of reads unmapped: too many mismatches |	0.00%
            Number of reads unmapped: too short |	108712152
                 % of reads unmapped: too short |	66.95%
                Number of reads unmapped: other |	220954
                     % of reads unmapped: other |	0.14%
                                  CHIMERIC READS:
                       Number of chimeric reads |	0
                            % of chimeric reads |	0.00%
