                                 Started job on |	Mar 29 22:05:26
                             Started mapping on |	Mar 29 22:14:20
                                    Finished on |	Mar 30 02:55:04
       Mapping speed, Million of reads per hour |	26.88

                          Number of input reads |	125748113
                      Average input read length |	206
                                    UNIQUE READS:
                   Uniquely mapped reads number |	33838748
                        Uniquely mapped reads % |	26.91%
                          Average mapped length |	193.28
                       Number of splices: Total |	12120907
            Number of splices: Annotated (sjdb) |	0
                       Number of splices: GT/AG |	11623289
                       Number of splices: GC/AG |	144209
                       Number of splices: AT/AC |	3928
               Number of splices: Non-canonical |	349481
                      Mismatch rate per base, % |	1.15%
                         Deletion rate per base |	0.09%
                        Deletion average length |	2.28
                        Insertion rate per base |	0.06%
                       Insertion average length |	1.82
                             MULTI-MAPPING READS:
        Number of reads mapped to multiple loci |	2230599
             % of reads mapped to multiple loci |	1.77%
        Number of reads mapped to too many loci |	8188
             % of reads mapped to too many loci |	0.01%
                                  UNMAPPED READS:
  Number of reads unmapped: too many mismatches |	0
       % of reads unmapped: too many mismatches |	0.00%
            Number of reads unmapped: too short |	89322723
                 % of reads unmapped: too short |	71.03%
                Number of reads unmapped: other |	347855
                     % of reads unmapped: other |	0.28%
                                  CHIMERIC READS:
                       Number of chimeric reads |	0
                            % of chimeric reads |	0.00%
