                                 Started job on |	Mar 30 12:44:21
                             Started mapping on |	Mar 30 12:54:42
                                    Finished on |	Mar 30 18:36:42
       Mapping speed, Million of reads per hour |	26.04

                          Number of input reads |	148425510
                      Average input read length |	209
                                    UNIQUE READS:
                   Uniquely mapped reads number |	40796711
                        Uniquely mapped reads % |	27.49%
                          Average mapped length |	196.43
                       Number of splices: Total |	17760347
            Number of splices: Annotated (sjdb) |	0
                       Number of splices: GT/AG |	17157776
                       Number of splices: GC/AG |	201076
                       Number of splices: AT/AC |	5723
               Number of splices: Non-canonical |	395772
                      Mismatch rate per base, % |	1.10%
                         Deletion rate per base |	0.08%
                        Deletion average length |	2.43
                        Insertion rate per base |	0.06%
                       Insertion average length |	1.99
                             MULTI-MAPPING READS:
        Number of reads mapped to multiple loci |	1683542
             % of reads mapped to multiple loci |	1.13%
        Number of reads mapped to too many loci |	5629
             % of reads mapped to too many loci |	0.00%
                                  UNMAPPED READS:
  Number of reads unmapped: too many mismatches |	0
       % of reads unmapped: too many mismatches |	0.00%
            Number of reads unmapped: too short |	105790395
                 % of reads unmapped: too short |	71.28%
                Number of reads unmapped: other |	149233
                     % of reads unmapped: other |	0.10%
                                  CHIMERIC READS:
                       Number of chimeric reads |	0
                            % of chimeric reads |	0.00%
