                                 Started job on |	Mar 30 09:14:22
                             Started mapping on |	Mar 30 09:22:31
                                    Finished on |	Mar 30 12:44:14
       Mapping speed, Million of reads per hour |	38.01

                          Number of input reads |	127785864
                      Average input read length |	198
                                    UNIQUE READS:
                   Uniquely mapped reads number |	81582634
                        Uniquely mapped reads % |	63.84%
                          Average mapped length |	189.75
                       Number of splices: Total |	26439168
            Number of splices: Annotated (sjdb) |	0
                       Number of splices: GT/AG |	25513417
                       Number of splices: GC/AG |	292293
                       Number of splices: AT/AC |	10372
               Number of splices: Non-canonical |	623086
                      Mismatch rate per base, % |	1.27%
                         Deletion rate per base |	0.09%
                        Deletion average length |	2.36
                        Insertion rate per base |	0.07%
                       Insertion average length |	1.97
                             MULTI-MAPPING READS:
        Number of reads mapped to multiple loci |	5731119
             % of reads mapped to multiple loci |	4.48%
        Number of reads mapped to too many loci |	14082
             % of reads mapped to too many loci |	0.01%
                                  UNMAPPED READS:
  Number of reads unmapped: too many mismatches |	0
       % of reads unmapped: too many mismatches |	0.00%
            Number of reads unmapped: too short |	40265626
                 % of reads unmapped: too short |	31.51%
                Number of reads unmapped: other |	192403
                     % of reads unmapped: other |	0.15%
                                  CHIMERIC READS:
                       Number of chimeric reads |	0
                            % of chimeric reads |	0.00%
