                                 Started job on |	Mar 30 18:36:47
                             Started mapping on |	Mar 30 18:46:43
                                    Finished on |	Mar 30 21:58:37
       Mapping speed, Million of reads per hour |	26.14

                          Number of input reads |	83594420
                      Average input read length |	225
                                    UNIQUE READS:
                   Uniquely mapped reads number |	29312074
                        Uniquely mapped reads % |	35.06%
                          Average mapped length |	205.76
                       Number of splices: Total |	7121229
            Number of splices: Annotated (sjdb) |	0
                       Number of splices: GT/AG |	6629270
                       Number of splices: GC/AG |	86961
                       Number of splices: AT/AC |	2139
               Number of splices: Non-canonical |	402859
                      Mismatch rate per base, % |	2.02%
                         Deletion rate per base |	0.11%
                        Deletion average length |	2.03
                        Insertion rate per base |	0.08%
                       Insertion average length |	1.46
                             MULTI-MAPPING READS:
        Number of reads mapped to multiple loci |	4300538
             % of reads mapped to multiple loci |	5.14%
        Number of reads mapped to too many loci |	32256
             % of reads mapped to too many loci |	0.04%
                                  UNMAPPED READS:
  Number of reads unmapped: too many mismatches |	0
       % of reads unmapped: too many mismatches |	0.00%
            Number of reads unmapped: too short |	49927333
                 % of reads unmapped: too short |	59.73%
                Number of reads unmapped: other |	22219
                     % of reads unmapped: other |	0.03%
                                  CHIMERIC READS:
                       Number of chimeric reads |	0
                            % of chimeric reads |	0.00%
