                                 Started job on |	Mar 31 03:10:50
                             Started mapping on |	Mar 31 03:21:12
                                    Finished on |	Mar 31 06:47:50
       Mapping speed, Million of reads per hour |	25.46

                          Number of input reads |	87666853
                      Average input read length |	214
                                    UNIQUE READS:
                   Uniquely mapped reads number |	30941272
                        Uniquely mapped reads % |	35.29%
                          Average mapped length |	201.48
                       Number of splices: Total |	11450824
            Number of splices: Annotated (sjdb) |	0
                       Number of splices: GT/AG |	10876990
                       Number of splices: GC/AG |	136063
                       Number of splices: AT/AC |	3685
               Number of splices: Non-canonical |	434086
                      Mismatch rate per base, % |	1.40%
                         Deletion rate per base |	0.09%
                        Deletion average length |	2.31
                        Insertion rate per base |	0.07%
                       Insertion average length |	1.77
                             MULTI-MAPPING READS:
        Number of reads mapped to multiple loci |	2202614
             % of reads mapped to multiple loci |	2.51%
        Number of reads mapped to too many loci |	14606
             % of reads mapped to too many loci |	0.02%
                                  UNMAPPED READS:
  Number of reads unmapped: too many mismatches |	0
       % of reads unmapped: too many mismatches |	0.00%
            Number of reads unmapped: too short |	54455287
                 % of reads unmapped: too short |	62.12%
                Number of reads unmapped: other |	53074
                     % of reads unmapped: other |	0.06%
                                  CHIMERIC READS:
                       Number of chimeric reads |	0
                            % of chimeric reads |	0.00%
