                                 Started job on |	Mar 31 11:15:27
                             Started mapping on |	Mar 31 11:24:38
                                    Finished on |	Mar 31 15:06:33
       Mapping speed, Million of reads per hour |	37.44

                          Number of input reads |	138475284
                      Average input read length |	197
                                    UNIQUE READS:
                   Uniquely mapped reads number |	92828377
                        Uniquely mapped reads % |	67.04%
                          Average mapped length |	189.03
                       Number of splices: Total |	34199289
            Number of splices: Annotated (sjdb) |	0
                       Number of splices: GT/AG |	32941804
                       Number of splices: GC/AG |	384291
                       Number of splices: AT/AC |	13562
               Number of splices: Non-canonical |	859632
                      Mismatch rate per base, % |	1.31%
                         Deletion rate per base |	0.09%
                        Deletion average length |	2.52
                        Insertion rate per base |	0.07%
                       Insertion average length |	2.20
                             MULTI-MAPPING READS:
        Number of reads mapped to multiple loci |	4242917
             % of reads mapped to multiple loci |	3.06%
        Number of reads mapped to too many loci |	16951
             % of reads mapped to too many loci |	0.01%
                                  UNMAPPED READS:
  Number of reads unmapped: too many mismatches |	0
       % of reads unmapped: too many mismatches |	0.00%
            Number of reads unmapped: too short |	41207987
                 % of reads unmapped: too short |	29.76%
                Number of reads unmapped: other |	179052
                     % of reads unmapped: other |	0.13%
                                  CHIMERIC READS:
                       Number of chimeric reads |	0
                            % of chimeric reads |	0.00%
