                                 Started job on |	Mar 31 06:35:43
                             Started mapping on |	Mar 31 06:36:50
                                    Finished on |	Mar 31 10:09:41
       Mapping speed, Million of reads per hour |	7.32

                          Number of input reads |	25971412
                      Average input read length |	299
                                    UNIQUE READS:
                   Uniquely mapped reads number |	21998572
                        Uniquely mapped reads % |	84.70%
                          Average mapped length |	294.07
                       Number of splices: Total |	19339725
            Number of splices: Annotated (sjdb) |	0
                       Number of splices: GT/AG |	18986135
                       Number of splices: GC/AG |	178512
                       Number of splices: AT/AC |	14093
               Number of splices: Non-canonical |	160985
                      Mismatch rate per base, % |	0.91%
                         Deletion rate per base |	0.11%
                        Deletion average length |	2.68
                        Insertion rate per base |	0.10%
                       Insertion average length |	2.43
                             MULTI-MAPPING READS:
        Number of reads mapped to multiple loci |	2111174
             % of reads mapped to multiple loci |	8.13%
        Number of reads mapped to too many loci |	3552
             % of reads mapped to too many loci |	0.01%
                                  UNMAPPED READS:
  Number of reads unmapped: too many mismatches |	0
       % of reads unmapped: too many mismatches |	0.00%
            Number of reads unmapped: too short |	1855414
                 % of reads unmapped: too short |	7.14%
                Number of reads unmapped: other |	2700
                     % of reads unmapped: other |	0.01%
                                  CHIMERIC READS:
                       Number of chimeric reads |	0
                            % of chimeric reads |	0.00%
