                                 Started job on |	Mar 31 23:03:35
                             Started mapping on |	Mar 31 23:04:41
                                    Finished on |	Apr 01 02:16:27
       Mapping speed, Million of reads per hour |	7.01

                          Number of input reads |	22396139
                      Average input read length |	298
                                    UNIQUE READS:
                   Uniquely mapped reads number |	17197741
                        Uniquely mapped reads % |	76.79%
                          Average mapped length |	292.02
                       Number of splices: Total |	14367252
            Number of splices: Annotated (sjdb) |	0
                       Number of splices: GT/AG |	14081701
                       Number of splices: GC/AG |	154885
                       Number of splices: AT/AC |	8448
               Number of splices: Non-canonical |	122218
                      Mismatch rate per base, % |	0.96%
                         Deletion rate per base |	0.09%
                        Deletion average length |	2.59
                        Insertion rate per base |	0.10%
                       Insertion average length |	2.25
                             MULTI-MAPPING READS:
        Number of reads mapped to multiple loci |	1533763
             % of reads mapped to multiple loci |	6.85%
        Number of reads mapped to too many loci |	2411
             % of reads mapped to too many loci |	0.01%
                                  UNMAPPED READS:
  Number of reads unmapped: too many mismatches |	0
       % of reads unmapped: too many mismatches |	0.00%
            Number of reads unmapped: too short |	3660584
                 % of reads unmapped: too short |	16.34%
                Number of reads unmapped: other |	1640
                     % of reads unmapped: other |	0.01%
                                  CHIMERIC READS:
                       Number of chimeric reads |	0
                            % of chimeric reads |	0.00%
